02/05/2021 00:01:54 WARN  [HikariPool-1 housekeeper] com.zaxxer.hikari.pool.HikariPool - HikariPool-1 - Thread starvation or clock leap detected (housekeeper delta=13m59s185ms).
02/05/2021 00:58:54 WARN  [HikariPool-1 housekeeper] com.zaxxer.hikari.pool.HikariPool - HikariPool-1 - Thread starvation or clock leap detected (housekeeper delta=15m29s306ms).
02/05/2021 15:44:17 WARN  [HikariPool-1 housekeeper] com.zaxxer.hikari.pool.HikariPool - HikariPool-1 - Thread starvation or clock leap detected (housekeeper delta=14h45m23s462ms).
02/05/2021 15:44:45 WARN  [HikariPool-1 housekeeper] com.zaxxer.hikari.pool.HikariPool - HikariPool-1 - Retrograde clock change detected (housekeeper delta=28s89ms), soft-evicting connections from pool.
02/05/2021 16:51:55 WARN  [HikariPool-1 housekeeper] com.zaxxer.hikari.pool.HikariPool - HikariPool-1 - Thread starvation or clock leap detected (housekeeper delta=1m7s126ms).
02/05/2021 17:10:21 WARN  [HikariPool-1 housekeeper] com.zaxxer.hikari.pool.HikariPool - HikariPool-1 - Thread starvation or clock leap detected (housekeeper delta=1m55s448ms).
02/05/2021 17:27:56 INFO  [Thread-4] org.springframework.scheduling.concurrent.ThreadPoolTaskExecutor - Shutting down ExecutorService 'applicationTaskExecutor'
02/05/2021 17:27:56 INFO  [Thread-4] org.springframework.orm.jpa.LocalContainerEntityManagerFactoryBean - Closing JPA EntityManagerFactory for persistence unit 'default'
02/05/2021 17:27:56 INFO  [Thread-4] com.zaxxer.hikari.HikariDataSource - HikariPool-1 - Shutdown initiated...
02/05/2021 17:27:56 INFO  [Thread-4] com.zaxxer.hikari.HikariDataSource - HikariPool-1 - Shutdown completed.
03/05/2021 23:22:50 INFO  [restartedMain] com.xpr.XprApplication - Starting XprApplication using Java 15.0.1 on Mohammed with PID 36412 (/Users/mohammedelmourabit/workspaceXpr/back/target/classes started by mohammedelmourabit in /Users/mohammedelmourabit/workspaceXpr/back)
03/05/2021 23:22:50 DEBUG [restartedMain] com.xpr.XprApplication - Running with Spring Boot v2.4.3, Spring v5.3.4
03/05/2021 23:22:50 INFO  [restartedMain] com.xpr.XprApplication - No active profile set, falling back to default profiles: default
03/05/2021 23:22:50 INFO  [restartedMain] org.springframework.boot.devtools.env.DevToolsPropertyDefaultsPostProcessor - Devtools property defaults active! Set 'spring.devtools.add-properties' to 'false' to disable
03/05/2021 23:22:50 INFO  [restartedMain] org.springframework.boot.devtools.env.DevToolsPropertyDefaultsPostProcessor - For additional web related logging consider setting the 'logging.level.web' property to 'DEBUG'
03/05/2021 23:22:51 INFO  [restartedMain] org.springframework.data.repository.config.RepositoryConfigurationDelegate - Bootstrapping Spring Data JPA repositories in DEFAULT mode.
03/05/2021 23:22:52 INFO  [restartedMain] org.springframework.data.repository.config.RepositoryConfigurationDelegate - Finished Spring Data repository scanning in 171 ms. Found 33 JPA repository interfaces.
03/05/2021 23:22:53 INFO  [restartedMain] org.springframework.context.support.PostProcessorRegistrationDelegate$BeanPostProcessorChecker - Bean 'org.springframework.ws.config.annotation.DelegatingWsConfiguration' of type [org.springframework.ws.config.annotation.DelegatingWsConfiguration$$EnhancerBySpringCGLIB$$160a89a7] is not eligible for getting processed by all BeanPostProcessors (for example: not eligible for auto-proxying)
03/05/2021 23:22:53 INFO  [restartedMain] org.springframework.ws.soap.addressing.server.AnnotationActionEndpointMapping - Supporting [WS-Addressing August 2004, WS-Addressing 1.0]
03/05/2021 23:22:53 INFO  [restartedMain] org.springframework.boot.web.embedded.tomcat.TomcatWebServer - Tomcat initialized with port(s): 8080 (http)
03/05/2021 23:22:53 INFO  [restartedMain] org.apache.catalina.core.StandardService - Starting service [Tomcat]
03/05/2021 23:22:53 INFO  [restartedMain] org.apache.catalina.core.StandardEngine - Starting Servlet engine: [Apache Tomcat/9.0.43]
03/05/2021 23:22:53 INFO  [restartedMain] org.apache.catalina.core.ContainerBase.[Tomcat].[localhost].[/] - Initializing Spring embedded WebApplicationContext
03/05/2021 23:22:53 INFO  [restartedMain] org.springframework.boot.web.servlet.context.ServletWebServerApplicationContext - Root WebApplicationContext: initialization completed in 3422 ms
03/05/2021 23:22:54 INFO  [restartedMain] org.hibernate.jpa.internal.util.LogHelper - HHH000204: Processing PersistenceUnitInfo [name: default]
03/05/2021 23:22:54 INFO  [restartedMain] org.hibernate.Version - HHH000412: Hibernate ORM core version 5.4.28.Final
03/05/2021 23:22:54 INFO  [restartedMain] org.hibernate.annotations.common.Version - HCANN000001: Hibernate Commons Annotations {5.1.2.Final}
03/05/2021 23:22:54 INFO  [restartedMain] com.zaxxer.hikari.HikariDataSource - HikariPool-1 - Starting...
03/05/2021 23:22:55 INFO  [restartedMain] com.zaxxer.hikari.HikariDataSource - HikariPool-1 - Start completed.
03/05/2021 23:22:55 INFO  [restartedMain] org.hibernate.dialect.Dialect - HHH000400: Using dialect: org.hibernate.dialect.MySQL8Dialect
03/05/2021 23:22:55 WARN  [restartedMain] org.hibernate.cfg.AnnotationBinder - HHH000139: Illegal use of @Table in a subclass of a SINGLE_TABLE hierarchy: com.xpr.entities.HistoriqueStock
03/05/2021 23:22:55 WARN  [restartedMain] org.hibernate.cfg.AnnotationBinder - HHH000139: Illegal use of @Table in a subclass of a SINGLE_TABLE hierarchy: com.xpr.entities.Livreur
03/05/2021 23:22:55 WARN  [restartedMain] org.hibernate.cfg.AnnotationBinder - HHH000139: Illegal use of @Table in a subclass of a SINGLE_TABLE hierarchy: com.xpr.entities.Ramasseur
03/05/2021 23:22:56 INFO  [restartedMain] org.hibernate.tuple.PojoInstantiator - HHH000182: No default (no-argument) constructor for class: com.xpr.entities.StatutFactureClient (class must be instantiated by Interceptor)
03/05/2021 23:22:57 INFO  [restartedMain] org.hibernate.tuple.PojoInstantiator - HHH000182: No default (no-argument) constructor for class: com.xpr.entities.StatutFacture (class must be instantiated by Interceptor)
03/05/2021 23:23:03 INFO  [restartedMain] org.hibernate.engine.transaction.jta.platform.internal.JtaPlatformInitiator - HHH000490: Using JtaPlatform implementation: [org.hibernate.engine.transaction.jta.platform.internal.NoJtaPlatform]
03/05/2021 23:23:03 INFO  [restartedMain] org.springframework.orm.jpa.LocalContainerEntityManagerFactoryBean - Initialized JPA EntityManagerFactory for persistence unit 'default'
03/05/2021 23:23:04 DEBUG [restartedMain] com.xpr.sec.JWTAuthorizationFilter - Filter 'JWTAuthorizationFilter' configured for use
03/05/2021 23:23:04 INFO  [restartedMain] org.springframework.boot.devtools.autoconfigure.OptionalLiveReloadServer - LiveReload server is running on port 35729
03/05/2021 23:23:05 WARN  [restartedMain] org.springframework.boot.autoconfigure.orm.jpa.JpaBaseConfiguration$JpaWebConfiguration - spring.jpa.open-in-view is enabled by default. Therefore, database queries may be performed during view rendering. Explicitly configure spring.jpa.open-in-view to disable this warning
03/05/2021 23:23:07 INFO  [restartedMain] org.springframework.security.web.DefaultSecurityFilterChain - Will secure Ant [pattern='/v2/api-docs'] with []
03/05/2021 23:23:07 INFO  [restartedMain] org.springframework.security.web.DefaultSecurityFilterChain - Will secure Ant [pattern='/configuration/ui'] with []
03/05/2021 23:23:07 INFO  [restartedMain] org.springframework.security.web.DefaultSecurityFilterChain - Will secure Ant [pattern='/swagger-resources/**'] with []
03/05/2021 23:23:07 INFO  [restartedMain] org.springframework.security.web.DefaultSecurityFilterChain - Will secure Ant [pattern='/configuration/security'] with []
03/05/2021 23:23:07 INFO  [restartedMain] org.springframework.security.web.DefaultSecurityFilterChain - Will secure Ant [pattern='/swagger-ui.html'] with []
03/05/2021 23:23:07 INFO  [restartedMain] org.springframework.security.web.DefaultSecurityFilterChain - Will secure Ant [pattern='/webjars/**'] with []
03/05/2021 23:23:07 INFO  [restartedMain] org.springframework.security.web.DefaultSecurityFilterChain - Will secure Ant [pattern='/**'] with [org.springframework.security.web.context.request.async.WebAsyncManagerIntegrationFilter@372da3b3, org.springframework.security.web.context.SecurityContextPersistenceFilter@1bfddc81, org.springframework.security.web.header.HeaderWriterFilter@7ab55f36, org.springframework.security.web.authentication.logout.LogoutFilter@5e98ed6a, com.xpr.sec.JWTAuthorizationFilter@601917d0, com.xpr.sec.JWTAuthenticationFilter@52e93ba6, org.springframework.security.web.savedrequest.RequestCacheAwareFilter@81b9462, org.springframework.security.web.servletapi.SecurityContextHolderAwareRequestFilter@493ccf18, org.springframework.security.web.authentication.AnonymousAuthenticationFilter@2e381d62, org.springframework.security.web.session.SessionManagementFilter@1c9b7dbd, org.springframework.security.web.access.ExceptionTranslationFilter@1fd18fd, org.springframework.security.web.access.intercept.FilterSecurityInterceptor@43b2f64f]
03/05/2021 23:23:07 INFO  [restartedMain] org.springframework.scheduling.concurrent.ThreadPoolTaskExecutor - Initializing ExecutorService 'applicationTaskExecutor'
03/05/2021 23:23:08 INFO  [restartedMain] org.springframework.boot.web.embedded.tomcat.TomcatWebServer - Tomcat started on port(s): 8080 (http) with context path ''
